Arguments: 
  /usr/local/bin/node /usr/local/Cellar/yarn/1.22.4/libexec/bin/yarn.js add --dev webpack typescript jest @types/jest jest-cli ts-jest ts-loader webpack-cli @babel/core @babel/loader @babel/preset-env @babel/preset-react

PATH: 
  /usr/local/bin:/usr/bin:/bin:/usr/sbin:/sbin:/usr/local/go/bin:/Library/Apple/usr/bin:/Library/Frameworks/Mono.framework/Versions/Current/Commands

Yarn version: 
  1.22.4

Node version: 
  12.16.1

Platform: 
  darwin x64

Trace: 
  Error: https://registry.yarnpkg.com/@babel%2floader: Not found
      at Request.params.callback [as _callback] (/usr/local/Cellar/yarn/1.22.4/libexec/lib/cli.js:66987:18)
      at Request.self.callback (/usr/local/Cellar/yarn/1.22.4/libexec/lib/cli.js:140748:22)
      at Request.emit (events.js:311:20)
      at Request.<anonymous> (/usr/local/Cellar/yarn/1.22.4/libexec/lib/cli.js:141720:10)
      at Request.emit (events.js:311:20)
      at IncomingMessage.<anonymous> (/usr/local/Cellar/yarn/1.22.4/libexec/lib/cli.js:141642:12)
      at Object.onceWrapper (events.js:417:28)
      at IncomingMessage.emit (events.js:323:22)
      at endReadableNT (_stream_readable.js:1204:12)
      at processTicksAndRejections (internal/process/task_queues.js:84:21)

npm manifest: 
  {
    "name": "new-competency-explorer",
    "version": "1.0.0",
    "description": "explore eng competencies for Codecademy",
    "main": "index.ts",
    "author": "Kip Price",
    "license": "MIT",
    "dependencies": {
      "@toolkip/server": "^2.3.2",
      "react": "^16.13.1",
      "react-dom": "^16.13.1",
      "redux": "^4.0.5"
    }
  }

yarn manifest: 
  No manifest

Lockfile: 
  # THIS IS AN AUTOGENERATED FILE. DO NOT EDIT THIS FILE DIRECTLY.
  # yarn lockfile v1
  
  
  "@toolkip/async@^2.0.0":
    version "2.0.0"
    resolved "https://registry.yarnpkg.com/@toolkip/async/-/async-2.0.0.tgz#5567d1c2a28bcd8d6e9d6a30b984aeae0310ff35"
    integrity sha512-xLh+0YZA9q0xed1+NCwsuRFl8ROQI67QoCNT3xvLFPTSSgR6SW3CvyUqYdNVU4n/yQjxkM+K7abPp6dZxgPw4Q==
  
  "@toolkip/binding@^2.3.0":
    version "2.3.0"
    resolved "https://registry.yarnpkg.com/@toolkip/binding/-/binding-2.3.0.tgz#c3e2660923ad9a985ba1f8b7e228247e386f0798"
    integrity sha512-mS02W8yf2ggSyZ2tlfp6UiMN88R59GE5MRcvbRLM+5HmrhjbblfFu6aeWturJkwKk8kSoRqd6+vgD3ABEJCuHg==
    dependencies:
      "@toolkip/async" "^2.0.0"
      "@toolkip/comparable" "^2.2.3"
      "@toolkip/object-helpers" "^2.3.0"
  
  "@toolkip/code-event@^2.0.0":
    version "2.0.0"
    resolved "https://registry.yarnpkg.com/@toolkip/code-event/-/code-event-2.0.0.tgz#07d1205e66bc45e0e9c17a7181f7ae593d7dbb9c"
    integrity sha512-1dXleBEMVkmgHBkA9zMbjyzyY0pUKEPgmKdogE74Sr4f3KwqLGAz7+2oZjPyO6kwJtR7gibtfXhnuvdLEYtIGg==
  
  "@toolkip/comparable@^2.2.3":
    version "2.2.3"
    resolved "https://registry.yarnpkg.com/@toolkip/comparable/-/comparable-2.2.3.tgz#989457746258c973f6f99f6f6bbc8073378bbc32"
    integrity sha512-uhIFS2skQ5uK+KHa/7PsImM/iT+dILQPMSySacaQ1EMgrvXJktfrPv+kN0g1J7+prHfLqVjNzhMC6hhvj6Ww9w==
    dependencies:
      "@toolkip/shared-types" "^2.2.3"
  
  "@toolkip/create-elements@^2.3.2":
    version "2.3.2"
    resolved "https://registry.yarnpkg.com/@toolkip/create-elements/-/create-elements-2.3.2.tgz#de9631a9a1ae41dcb0f894b8a6d99c83ae8757b8"
    integrity sha512-uh9Qf9yOIRvccRI+cFYVAEEuJIKSxUS9J9WGwcrUN5ykfYExrW9d4vo+QCOrIdGn44dnpiML2x4l02w4yLe+yQ==
    dependencies:
      "@toolkip/binding" "^2.3.0"
      "@toolkip/identifiable" "^2.3.0"
      "@toolkip/model" "^2.3.0"
      "@toolkip/object-helpers" "^2.3.0"
      "@toolkip/primitive-helpers" "^2.2.3"
      "@toolkip/shared-types" "^2.2.3"
      "@toolkip/style-helpers" "^2.3.0"
      "@toolkip/style-libraries" "^2.3.2"
  
  "@toolkip/history@^2.3.0":
    version "2.3.0"
    resolved "https://registry.yarnpkg.com/@toolkip/history/-/history-2.3.0.tgz#88d99b76645d98571dea87c962457fdb64b6a1e9"
    integrity sha512-/6xU1PVVbdGkj4vZ1pDOvpvajQTBwovMVw/Od0V4zXBUNIepPriVDHht14zjA4VwuB4VwJ0PqosyHMpcrU5uhQ==
    dependencies:
      "@toolkip/object-helpers" "^2.3.0"
  
  "@toolkip/html-helpers@^2.3.0":
    version "2.3.0"
    resolved "https://registry.yarnpkg.com/@toolkip/html-helpers/-/html-helpers-2.3.0.tgz#9a133f4bbd213f6f433ab502a8b9d5768ef0a106"
    integrity sha512-ZXryNVBxwz9db+VJhjvWJJ1GV2QDHgxkFvxJL4Hq9BrFc4buWdisajDxO66I8J0Pt10sUWWVYlett9jUx0Q+4Q==
    dependencies:
      "@toolkip/shared-types" "^2.2.3"
      "@toolkip/style-helpers" "^2.3.0"
  
  "@toolkip/identifiable@^2.3.0":
    version "2.3.0"
    resolved "https://registry.yarnpkg.com/@toolkip/identifiable/-/identifiable-2.3.0.tgz#7a5315517a48caf638b9fe26cd52598e1e4e448a"
    integrity sha512-LwGxxRUwM6+Lm1AM6eGUPF74Qi+PJ7u0pHgJgq6jBeD7HVverBDgmfsSZfl59lN5PuixoN2FWaodIOYX2YO+jg==
    dependencies:
      "@toolkip/object-helpers" "^2.3.0"
      "@toolkip/structs" "^1.0.10"
  
  "@toolkip/managers@^2.3.0":
    version "2.3.0"
    resolved "https://registry.yarnpkg.com/@toolkip/managers/-/managers-2.3.0.tgz#d0f46186addf355101c67244a06b9e9951c32192"
    integrity sha512-IasxvvZTR0o8Xcd/tuD5WDP2dSLZIYfZ4P7ieavjAvbI9yVEEhYiYyGTCMFBYt0WbNi1noEGv0kt3RbnQWZpgA==
    dependencies:
      "@toolkip/identifiable" "^2.3.0"
      "@toolkip/object-helpers" "^2.3.0"
  
  "@toolkip/maths@^2.2.3":
    version "2.2.3"
    resolved "https://registry.yarnpkg.com/@toolkip/maths/-/maths-2.2.3.tgz#4f59a8350bb9c4c26653cb311a6abca436c9be6d"
    integrity sha512-/kw9hYv1l6fnDiHiX3oUqf15ewVNP+8Eame64a7N9UIjrZTvVfyF0X5RFn+I9LlSgrbp1zYsBKy6PhjiAQAYEg==
    dependencies:
      "@toolkip/shared-types" "^2.2.3"
  
  "@toolkip/model@^2.3.0":
    version "2.3.0"
    resolved "https://registry.yarnpkg.com/@toolkip/model/-/model-2.3.0.tgz#9137eb08d0cbbed69dff24a6a13e0a3d058d15fc"
    integrity sha512-8ijDTiwOmbBaUzEeLo5CvgttDAn1aKjljFozAA6w4wJV47vU9es6UtI1LwIIG0QAVZVTrqUKahG6UxLmjrEd+w==
    dependencies:
      "@toolkip/code-event" "^2.0.0"
      "@toolkip/comparable" "^2.2.3"
      "@toolkip/history" "^2.3.0"
      "@toolkip/identifiable" "^2.3.0"
      "@toolkip/managers" "^2.3.0"
      "@toolkip/object-helpers" "^2.3.0"
      "@toolkip/primitive-helpers" "^2.2.3"
      "@toolkip/shared-types" "^2.2.3"
      "@toolkip/structs" "^1.0.10"
  
  "@toolkip/object-helpers@^2.3.0":
    version "2.3.0"
    resolved "https://registry.yarnpkg.com/@toolkip/object-helpers/-/object-helpers-2.3.0.tgz#175a87b805d8fd38620a9176d473a294a9941a73"
    integrity sha512-KINo/RrJGwIwrafOFuQlq32qvRcFBEcXdhtJBBdmrUl6S7DcOGxUhlfhTDB2SCBEexzHPxma7Gftu37iVtjxEQ==
    dependencies:
      "@toolkip/maths" "^2.2.3"
      "@toolkip/primitive-helpers" "^2.2.3"
      "@toolkip/shared-types" "^2.2.3"
  
  "@toolkip/primitive-helpers@^2.2.3":
    version "2.2.3"
    resolved "https://registry.yarnpkg.com/@toolkip/primitive-helpers/-/primitive-helpers-2.2.3.tgz#69b86e1494c0ed95db1deb65138ebcf95bcb760c"
    integrity sha512-WCupH4gBwtoHse0w24hcDIV79jZteX4V6kg9oVBZUSIzpC88mbQ4APZsEmMOnjKHu+EBRxgTlaJvsVRgoHX64w==
    dependencies:
      "@toolkip/comparable" "^2.2.3"
      "@toolkip/shared-types" "^2.2.3"
  
  "@toolkip/server@^2.3.2":
    version "2.3.2"
    resolved "https://registry.yarnpkg.com/@toolkip/server/-/server-2.3.2.tgz#d0312105140c6d538273c2350c094ad0591e945b"
    integrity sha512-mnVIoWqIqWWl4XftG23W0D/3OH6f38geeEE3dSYGmjnrHsw3ggUsSCUfN/yGsigzNMCAbnZ9NZwkFWid0sj4JQ==
    dependencies:
      "@toolkip/create-elements" "^2.3.2"
      "@toolkip/object-helpers" "^2.3.0"
  
  "@toolkip/shared-types@^2.2.3":
    version "2.2.3"
    resolved "https://registry.yarnpkg.com/@toolkip/shared-types/-/shared-types-2.2.3.tgz#aeafd9c7c8111633dca6fa40d1e6308c8fcce680"
    integrity sha512-BM2w0VXvXCqg/HQa0VZEp5lL+d4mBFzHwJu0S17agKdm30YLaZfrc2BkosPz7ydeGfFXeGMffGqThxOMwwh1+g==
  
  "@toolkip/structs@^1.0.10":
    version "1.0.10"
    resolved "https://registry.yarnpkg.com/@toolkip/structs/-/structs-1.0.10.tgz#bfa8aa4d34f9da918c9e92cda3eba960eef908fe"
    integrity sha512-A/iZAJcumejd8mrIZYN2D6pEXnGfIBxza55USiGvyge1CmZrcphJKCMB+sySjx8UmNjb5PGq/EaexdLVlzCDmQ==
  
  "@toolkip/style-helpers@^2.3.0":
    version "2.3.0"
    resolved "https://registry.yarnpkg.com/@toolkip/style-helpers/-/style-helpers-2.3.0.tgz#19eaefa9bd16ce19d440b96a650a5870a1c6d31f"
    integrity sha512-9KqocQU1BIWi13l5I6r7e8ANq16YgT/t7XGRHDZpXtg4wNZsH9fufiporCTax0wyIc1qXsON7NNj9e5+Fpb+jA==
    dependencies:
      "@toolkip/async" "^2.0.0"
      "@toolkip/object-helpers" "^2.3.0"
      "@toolkip/primitive-helpers" "^2.2.3"
      "@toolkip/shared-types" "^2.2.3"
  
  "@toolkip/style-libraries@^2.3.2":
    version "2.3.2"
    resolved "https://registry.yarnpkg.com/@toolkip/style-libraries/-/style-libraries-2.3.2.tgz#64de3b4bad5c5e2d89db1d90bb4bae4e63f10e9b"
    integrity sha512-RWW36H6gIZFnaeZeGqYbSw7sZdWcQ3t2wkilT6bcKPfinUwWlKmKqZ/vyvDj8KmTIzHX+GlJelMI/DvmZ6WzIw==
    dependencies:
      "@toolkip/async" "^2.0.0"
      "@toolkip/comparable" "^2.2.3"
      "@toolkip/html-helpers" "^2.3.0"
      "@toolkip/object-helpers" "^2.3.0"
      "@toolkip/primitive-helpers" "^2.2.3"
      "@toolkip/shared-types" "^2.2.3"
      "@toolkip/style-helpers" "^2.3.0"
  
  "js-tokens@^3.0.0 || ^4.0.0":
    version "4.0.0"
    resolved "https://registry.yarnpkg.com/js-tokens/-/js-tokens-4.0.0.tgz#19203fb59991df98e3a287050d4647cdeaf32499"
    integrity sha512-RdJUflcE3cUzKiMqQgsCu06FPu9UdIJO0beYbPhHN4k6apgJtifcoCtT9bcxOpYBtpD2kCM6Sbzg4CausW/PKQ==
  
  loose-envify@^1.1.0, loose-envify@^1.4.0:
    version "1.4.0"
    resolved "https://registry.yarnpkg.com/loose-envify/-/loose-envify-1.4.0.tgz#71ee51fa7be4caec1a63839f7e682d8132d30caf"
    integrity sha512-lyuxPGr/Wfhrlem2CL/UcnUc1zcqKAImBDzukY7Y5F/yQiNdko6+fRLevlw1HgMySw7f611UIY408EtxRSoK3Q==
    dependencies:
      js-tokens "^3.0.0 || ^4.0.0"
  
  object-assign@^4.1.1:
    version "4.1.1"
    resolved "https://registry.yarnpkg.com/object-assign/-/object-assign-4.1.1.tgz#2109adc7965887cfc05cbbd442cac8bfbb360863"
    integrity sha1-IQmtx5ZYh8/AXLvUQsrIv7s2CGM=
  
  prop-types@^15.6.2:
    version "15.7.2"
    resolved "https://registry.yarnpkg.com/prop-types/-/prop-types-15.7.2.tgz#52c41e75b8c87e72b9d9360e0206b99dcbffa6c5"
    integrity sha512-8QQikdH7//R2vurIJSutZ1smHYTcLpRWEOlHnzcWHmBYrOGUysKwSsrC89BCiFj3CbrfJ/nXFdJepOVrY1GCHQ==
    dependencies:
      loose-envify "^1.4.0"
      object-assign "^4.1.1"
      react-is "^16.8.1"
  
  react-dom@^16.13.1:
    version "16.13.1"
    resolved "https://registry.yarnpkg.com/react-dom/-/react-dom-16.13.1.tgz#c1bd37331a0486c078ee54c4740720993b2e0e7f"
    integrity sha512-81PIMmVLnCNLO/fFOQxdQkvEq/+Hfpv24XNJfpyZhTRfO0QcmQIF/PgCa1zCOj2w1hrn12MFLyaJ/G0+Mxtfag==
    dependencies:
      loose-envify "^1.1.0"
      object-assign "^4.1.1"
      prop-types "^15.6.2"
      scheduler "^0.19.1"
  
  react-is@^16.8.1:
    version "16.13.1"
    resolved "https://registry.yarnpkg.com/react-is/-/react-is-16.13.1.tgz#789729a4dc36de2999dc156dd6c1d9c18cea56a4"
    integrity sha512-24e6ynE2H+OKt4kqsOvNd8kBpV65zoxbA4BVsEOB3ARVWQki/DHzaUoC5KuON/BiccDaCCTZBuOcfZs70kR8bQ==
  
  react@^16.13.1:
    version "16.13.1"
    resolved "https://registry.yarnpkg.com/react/-/react-16.13.1.tgz#2e818822f1a9743122c063d6410d85c1e3afe48e"
    integrity sha512-YMZQQq32xHLX0bz5Mnibv1/LHb3Sqzngu7xstSM+vrkE5Kzr9xE0yMByK5kMoTK30YVJE61WfbxIFFvfeDKT1w==
    dependencies:
      loose-envify "^1.1.0"
      object-assign "^4.1.1"
      prop-types "^15.6.2"
  
  redux@^4.0.5:
    version "4.0.5"
    resolved "https://registry.yarnpkg.com/redux/-/redux-4.0.5.tgz#4db5de5816e17891de8a80c424232d06f051d93f"
    integrity sha512-VSz1uMAH24DM6MF72vcojpYPtrTUu3ByVWfPL1nPfVRb5mZVTve5GnNCUV53QM/BZ66xfWrm0CTWoM+Xlz8V1w==
    dependencies:
      loose-envify "^1.4.0"
      symbol-observable "^1.2.0"
  
  scheduler@^0.19.1:
    version "0.19.1"
    resolved "https://registry.yarnpkg.com/scheduler/-/scheduler-0.19.1.tgz#4f3e2ed2c1a7d65681f4c854fa8c5a1ccb40f196"
    integrity sha512-n/zwRWRYSUj0/3g/otKDRPMh6qv2SYMWNq85IEa8iZyAv8od9zDYpGSnpBEjNgcMNq6Scbu5KfIPxNF72R/2EA==
    dependencies:
      loose-envify "^1.1.0"
      object-assign "^4.1.1"
  
  symbol-observable@^1.2.0:
    version "1.2.0"
    resolved "https://registry.yarnpkg.com/symbol-observable/-/symbol-observable-1.2.0.tgz#c22688aed4eab3cdc2dfeacbb561660560a00804"
    integrity sha512-e900nM8RRtGhlV36KGEU9k65K3mPb1WV70OdjfxlG2EAuM1noi/E/BaW/uMhL7bPEssK8QV57vN3esixjUvcXQ==
